2022-Sep-12 01:38:42 Наличие необходимых модулей php (check_php_modules): Ok
Все необходимые модули установлены
2022-Sep-12 01:38:45 Обязательные параметры PHP (check_php_settings): Fail
Ошибка! Значение max_input_vars должно быть не ниже 10000. Текущее значение: 1000
2022-Sep-12 01:38:47 Модули веб-сервера (check_security): Ok
Конфликтов не выявлено
2022-Sep-12 01:38:50 Значения переменных сервера (check_server_vars): Fail
Ошибка! Текущий домен не валидный (citrustestwork). Может содержать только цифры, латинские буквы и дефис. Должен содержать точку.
2022-Sep-12 01:38:52 Сохранение сессии (check_session): Ok
50% done
2022-Sep-12 01:38:54 Сохранение сессии (check_session): Ok
Успешно
2022-Sep-12 01:38:56 Параметры настройки UTF (mbstring и константа BX_UTF) (check_mbstring): Ok
Правильные. Сайт работает в UTF кодировке
2022-Sep-12 01:38:59 Служебные скрипты в корне сайта (check_install_scripts): Ok
Отсутствуют
2022-Sep-12 01:39:03 Работа с сокетами (check_socket): Ok
Connection to citrustestwork:80	Success

Успешно
2022-Sep-12 01:39:06 Выполнение агентов на cron (check_bx_crontab): Warning
Замечание. Агенты выполняются на хитах, рекомендуется перевести выполнение агентов на cron
2022-Sep-12 01:39:08 Параметры подключения к базе данных (check_dbconn_settings): Ok
Успешно
2022-Sep-12 01:39:17 Лишний вывод в файлах конфигурации (check_dbconn): Ok
Connection to citrustestwork:80	Success

Успешно
2022-Sep-12 01:39:22 Сохранение сессии без UserAgent (check_session_ua): Ok
50% done
Connection to citrustestwork:80	Success

2022-Sep-12 01:39:26 Сохранение сессии без UserAgent (check_session_ua): Ok
Connection to citrustestwork:80	Success

Успешно
2022-Sep-12 01:39:29 Настройки сайтов (check_sites): Ok
Правильные
2022-Sep-12 01:39:31 Передача объектов по ссылке (check_clone): Ok
Успешно
2022-Sep-12 01:39:36 Размер стека и pcre.recursion_limit (check_pcre_recursion): Ok
Connection to citrustestwork:80	Success

Успешно
2022-Sep-12 01:39:40 Загрузка файла (check_upload): Ok
Connection to citrustestwork:80	Success

Успешно
2022-Sep-12 01:39:45 Загрузка файла больше 4Мб (check_upload_big): Ok
Connection to citrustestwork:80	Success

Успешно
2022-Sep-12 01:39:50 Загрузка файла через php://input (check_upload_raw): Ok
Connection to citrustestwork:80	Success

Успешно
2022-Sep-12 01:39:54 Передача POST запроса с большим числом параметров (check_post): Ok
Connection to citrustestwork:80	Success

Успешно
2022-Sep-12 01:39:58 Отправка почты (check_mail): Fail
Ошибка! Отправлено. Время отправки: 1.43 сек.
2022-Sep-12 01:40:01 Отправка почтового сообщения больше 64Кб (check_mail_big): Ok
Успешно
2022-Sep-12 01:40:03 Проверка на наличие неотправленных сообщений (check_mail_b_event): Ok
Успешно
2022-Sep-12 01:40:08 Внутреннее перенаправление (функция LocalRedirect) (check_localredirect): Ok
50% done
Connection to citrustestwork:80	Success

2022-Sep-12 01:40:12 Внутреннее перенаправление (функция LocalRedirect) (check_localredirect): Ok
Connection to citrustestwork:80	Success

Успешно
2022-Sep-12 01:40:17 Фактическое ограничение памяти (check_memory_limit): Ok
20% done
Connection to citrustestwork:80	Success

2022-Sep-12 01:40:22 Фактическое ограничение памяти (check_memory_limit): Ok
40% done
Connection to citrustestwork:80	Success

2022-Sep-12 01:40:26 Фактическое ограничение памяти (check_memory_limit): Ok
60% done
Connection to citrustestwork:80	Success

2022-Sep-12 01:40:31 Фактическое ограничение памяти (check_memory_limit): Ok
80% done
Connection to citrustestwork:80	Success

2022-Sep-12 01:40:36 Фактическое ограничение памяти (check_memory_limit): Ok
Connection to citrustestwork:80	Success

Не менее 256 М
2022-Sep-12 01:40:38 Работа с файлами кеша (check_cache): Ok
Успешно
2022-Sep-12 01:40:40 Доступ к серверу обновлений (check_update): Ok
Успешно
2022-Sep-12 01:40:48 HTTP авторизация (check_http_auth): Ok
Connection to citrustestwork:80	Success

Успешно
2022-Sep-12 01:40:52 Создание и запуск файла (check_exec): Ok
Connection to citrustestwork:80	Success

Успешно
2022-Sep-12 01:40:55 Функция getimagesize для swf (check_getimagesize): Ok
Успешно
2022-Sep-12 01:40:57 Версия MySQL-сервера (check_mysql_bug_version): Ok
Успешно
2022-Sep-12 01:41:00 Время на БД и веб-сервере (check_mysql_time): Ok
Успешно
2022-Sep-12 01:41:02 Режим работы MySQL (check_mysql_mode): Fail
Ошибка! innodb_strict_mode=ON, требуется OFF
2022-Sep-12 01:41:04 Кодировка соединения (check_mysql_connection_charset): Ok
character_set_connection=utf8, collation_connection=utf8_unicode_ci, character_set_results=utf8
Успешно
2022-Sep-12 01:41:07 Кодировка базы данных (check_mysql_db_charset): Ok
CHARSET=utf8, COLLATION=utf8_unicode_ci
Успешно
2022-Sep-12 01:41:19 Кодировки таблиц в БД (check_mysql_table_charset): Ok
42% done
2022-Sep-12 01:41:31 Кодировки таблиц в БД (check_mysql_table_charset): Ok
73% done
2022-Sep-12 01:41:40 Кодировки таблиц в БД (check_mysql_table_charset): Ok
Успешно
2022-Sep-12 01:41:43 Структура базы данных (check_mysql_table_structure): Ok
0% done
2022-Sep-12 01:41:51 Структура базы данных (check_mysql_table_structure): Ok
2% done
2022-Sep-12 01:41:54 Структура базы данных (check_mysql_table_structure): Ok
4% done
2022-Sep-12 01:41:57 Структура базы данных (check_mysql_table_structure): Ok
6% done
2022-Sep-12 01:42:10 Структура базы данных (check_mysql_table_structure): Ok
8% done
2022-Sep-12 01:42:13 Структура базы данных (check_mysql_table_structure): Ok
10% done
2022-Sep-12 01:42:22 Структура базы данных (check_mysql_table_structure): Ok
12% done
2022-Sep-12 01:42:33 Структура базы данных (check_mysql_table_structure): Ok
14% done
2022-Sep-12 01:43:02 Структура базы данных (check_mysql_table_structure): Ok
16% done
2022-Sep-12 01:43:09 Структура базы данных (check_mysql_table_structure): Ok
18% done
2022-Sep-12 01:43:13 Структура базы данных (check_mysql_table_structure): Ok
20% done
2022-Sep-12 01:43:18 Структура базы данных (check_mysql_table_structure): Ok
22% done
2022-Sep-12 01:43:23 Структура базы данных (check_mysql_table_structure): Ok
24% done
2022-Sep-12 01:43:39 Структура базы данных (check_mysql_table_structure): Ok
26% done
2022-Sep-12 01:43:59 Структура базы данных (check_mysql_table_structure): Ok
28% done
2022-Sep-12 01:44:05 Структура базы данных (check_mysql_table_structure): Ok
30% done
2022-Sep-12 01:44:57 Структура базы данных (check_mysql_table_structure): Ok
32% done
2022-Sep-12 01:45:01 Структура базы данных (check_mysql_table_structure): Ok
34% done
